INFO  2019-04-25 13:20:24,423 [Embedded] [event: ] org.mule.runtime.module.deployment.impl.internal.domain.DefaultMuleDomain: 
++++++++++++++++++++++++++++++++++++++++++++++++++++++++++++
+ New domain 'default'                                     +
++++++++++++++++++++++++++++++++++++++++++++++++++++++++++++
INFO  2019-04-25 13:20:24,424 [Embedded] [event: ] org.mule.runtime.module.deployment.impl.internal.domain.DefaultMuleDomain: 
++++++++++++++++++++++++++++++++++++++++++++++++++++++++++++
+ Initializing domain 'default'                            +
++++++++++++++++++++++++++++++++++++++++++++++++++++++++++++
INFO  2019-04-25 13:20:24,736 [Embedded] [event: ] org.mule.runtime.module.extension.internal.manager.DefaultExtensionManager: Registering extension mule (version: 4.1.4 vendor: MuleSoft, Inc. )
INFO  2019-04-25 13:20:24,889 [Embedded] [event: ] org.mule.runtime.core.privileged.lifecycle.AbstractLifecycleManager: Initialising RegistryBroker
INFO  2019-04-25 13:20:24,891 [Embedded] [event: ] org.mule.runtime.config.internal.MuleArtifactContext: Refreshing org.mule.runtime.config.internal.MuleArtifactContext: default (DOMAIN)
INFO  2019-04-25 13:20:25,002 [Embedded] [event: ] org.mule.runtime.config.internal.processor.MuleInjectorProcessor: JSR-330 'javax.inject.Inject' annotation found and supported for autowiring
INFO  2019-04-25 13:20:25,006 [Embedded] [event: ] org.mule.runtime.config.internal.ObjectProviderAwareBeanFactory: Overriding bean definition for bean '_muleConfiguration' with a different definition: replacing [Generic bean: class [org.mule.runtime.core.api.config.DefaultMuleConfiguration]; scope=; abstract=false; lazyInit=false; autowireMode=0; dependencyCheck=0; autowireCandidate=true; primary=false; factoryBeanName=null; factoryMethodName=null; initMethodName=null; destroyMethodName=null] with [Generic bean: class [org.mule.runtime.config.internal.MuleConfigurationConfigurator]; scope=; abstract=false; lazyInit=false; autowireMode=0; dependencyCheck=0; autowireCandidate=true; primary=false; factoryBeanName=null; factoryMethodName=null; initMethodName=null; destroyMethodName=null]
INFO  2019-04-25 13:20:25,689 [Embedded] [event: ] org.mule.runtime.core.internal.util.journal.TransactionJournal: Using files for tx logs D:\MuleTraining\Mule4WS\devopsdemo\target\munitworkingdir-251630315840800\container\.\.mule\default\queue-tx-log\tx1.log and D:\MuleTraining\Mule4WS\devopsdemo\target\munitworkingdir-251630315840800\container\.\.mule\default\queue-tx-log\tx2.log
INFO  2019-04-25 13:20:25,699 [Embedded] [event: ] org.mule.runtime.core.internal.util.journal.TransactionJournal: Using files for tx logs D:\MuleTraining\Mule4WS\devopsdemo\target\munitworkingdir-251630315840800\container\.\.mule\default\queue-xa-tx-log\tx1.log and D:\MuleTraining\Mule4WS\devopsdemo\target\munitworkingdir-251630315840800\container\.\.mule\default\queue-xa-tx-log\tx2.log
INFO  2019-04-25 13:20:26,236 [Embedded] [event: ] org.mule.runtime.api.el.AbstractBindingContextBuilderFactory: Loaded BindingContextBuilderFactory implementation 'org.mule.runtime.core.api.el.DefaultBindingContextBuilderFactory' from classloader 'java.net.URLClassLoader@29ad44e3'
INFO  2019-04-25 13:20:26,303 [Embedded] [event: ] org.mule.runtime.core.internal.util.queue.QueueXaResourceManager: Starting ResourceManager
INFO  2019-04-25 13:20:26,303 [Embedded] [event: ] org.mule.runtime.core.internal.util.queue.QueueXaResourceManager: Started ResourceManager
INFO  2019-04-25 13:20:26,322 [Embedded] [event: ] org.mule.runtime.core.internal.context.DefaultMuleContext: 
**********************************************************************
* Domain: default                                                    *
* OS encoding: windows-1252, Mule encoding: UTF-8                    *
*                                                                    *
**********************************************************************
INFO  2019-04-25 13:20:29,890 [Embedded] [event: ] org.mule.runtime.module.deployment.impl.internal.domain.DefaultMuleDomain: 
++++++++++++++++++++++++++++++++++++++++++++++++++++++++++++
+ Stopping domain 'default'                                +
++++++++++++++++++++++++++++++++++++++++++++++++++++++++++++
INFO  2019-04-25 13:20:29,892 [Embedded] [event: ] org.mule.runtime.core.internal.util.queue.QueueXaResourceManager: Stopping ResourceManager
INFO  2019-04-25 13:20:29,893 [Embedded] [event: ] org.mule.runtime.core.internal.util.queue.QueueXaResourceManager: Stopped ResourceManager
INFO  2019-04-25 13:20:29,895 [Embedded] [event: ] org.mule.runtime.core.privileged.lifecycle.AbstractLifecycleManager: Disposing RegistryBroker
INFO  2019-04-25 13:20:29,976 [Embedded] [event: ] org.mule.runtime.config.internal.MuleArtifactContext: Closing org.mule.runtime.config.internal.MuleArtifactContext: default (DOMAIN)
INFO  2019-04-25 13:20:29,978 [Embedded] [event: ] org.mule.runtime.core.internal.context.DefaultMuleContext: 
**********************************************************************
* Domain "default" shut down normally on: 25/4/19 1:20 PM            *
* Up for: 0 days, 0 hours, 0 mins, 3.682 sec                         *
**********************************************************************
